gcc -D_FORTIFY_SOURCE=2 -D_GNU_SOURCE -D_FILE_OFFSET_BITS=64 -D_LARGEFILE_SOURCE -Wstrict-prototypes -Wredundant-decls -Wall -Wundef -Wendif-labels -Wwrite-strings -Wmissing-prototypes -fno-strict-aliasing -c -o /tmp/qebek-conf--29367-.o /tmp/qebek-conf--29367-.c
gcc -D_FORTIFY_SOURCE=2 -D_GNU_SOURCE -D_FILE_OFFSET_BITS=64 -D_LARGEFILE_SOURCE -Wstrict-prototypes -Wredundant-decls -Wall -Wundef -Wendif-labels -Wwrite-strings -Wmissing-prototypes -fno-strict-aliasing -c -o /tmp/qebek-conf--29367-.o /tmp/qebek-conf--29367-.c
gcc -m32 -D_FORTIFY_SOURCE=2 -D_GNU_SOURCE -D_FILE_OFFSET_BITS=64 -D_LARGEFILE_SOURCE -Wstrict-prototypes -Wredundant-decls -Wall -Wundef -Wendif-labels -Wwrite-strings -Wmissing-prototypes -fno-strict-aliasing -c -o /tmp/qebek-conf--29367-.o /tmp/qebek-conf--29367-.c
/tmp/qebek-conf--29367-.c: In function ‘main’:
/tmp/qebek-conf--29367-.c:1: warning: control reaches end of non-void function
gcc -m32 -D_FORTIFY_SOURCE=2 -D_GNU_SOURCE -D_FILE_OFFSET_BITS=64 -D_LARGEFILE_SOURCE -Wstrict-prototypes -Wredundant-decls -Wall -Wundef -Wendif-labels -Wwrite-strings -Wmissing-prototypes -fno-strict-aliasing -Werror -m32 -D_FORTIFY_SOURCE=2 -D_GNU_SOURCE -D_FILE_OFFSET_BITS=64 -D_LARGEFILE_SOURCE -Wstrict-prototypes -Wredundant-decls -Wall -Wundef -Wendif-labels -Wwrite-strings -Wmissing-prototypes -fno-strict-aliasing -o /tmp/qebek-conf--29367-.exe /tmp/qebek-conf--29367-.c -m32 -g -Werror -fstack-protector-all
gcc -m32 -D_FORTIFY_SOURCE=2 -D_GNU_SOURCE -D_FILE_OFFSET_BITS=64 -D_LARGEFILE_SOURCE -Wstrict-prototypes -Wredundant-decls -Wall -Wundef -Wendif-labels -Wwrite-strings -Wmissing-prototypes -fno-strict-aliasing -fstack-protector-all -Werror -m32 -D_FORTIFY_SOURCE=2 -D_GNU_SOURCE -D_FILE_OFFSET_BITS=64 -D_LARGEFILE_SOURCE -Wstrict-prototypes -Wredundant-decls -Wall -Wundef -Wendif-labels -Wwrite-strings -Wmissing-prototypes -fno-strict-aliasing -fstack-protector-all -o /tmp/qebek-conf--29367-.exe /tmp/qebek-conf--29367-.c -m32 -g -Werror -Wmissing-include-dirs
gcc -m32 -D_FORTIFY_SOURCE=2 -D_GNU_SOURCE -D_FILE_OFFSET_BITS=64 -D_LARGEFILE_SOURCE -Wstrict-prototypes -Wredundant-decls -Wall -Wundef -Wendif-labels -Wwrite-strings -Wmissing-prototypes -fno-strict-aliasing -fstack-protector-all -Wmissing-include-dirs -Werror -m32 -D_FORTIFY_SOURCE=2 -D_GNU_SOURCE -D_FILE_OFFSET_BITS=64 -D_LARGEFILE_SOURCE -Wstrict-prototypes -Wredundant-decls -Wall -Wundef -Wendif-labels -Wwrite-strings -Wmissing-prototypes -fno-strict-aliasing -fstack-protector-all -Wmissing-include-dirs -o /tmp/qebek-conf--29367-.exe /tmp/qebek-conf--29367-.c -m32 -g -Werror -Wempty-body
gcc -m32 -D_FORTIFY_SOURCE=2 -D_GNU_SOURCE -D_FILE_OFFSET_BITS=64 -D_LARGEFILE_SOURCE -Wstrict-prototypes -Wredundant-decls -Wall -Wundef -Wendif-labels -Wwrite-strings -Wmissing-prototypes -fno-strict-aliasing -fstack-protector-all -Wmissing-include-dirs -Wempty-body -Werror -m32 -D_FORTIFY_SOURCE=2 -D_GNU_SOURCE -D_FILE_OFFSET_BITS=64 -D_LARGEFILE_SOURCE -Wstrict-prototypes -Wredundant-decls -Wall -Wundef -Wendif-labels -Wwrite-strings -Wmissing-prototypes -fno-strict-aliasing -fstack-protector-all -Wmissing-include-dirs -Wempty-body -o /tmp/qebek-conf--29367-.exe /tmp/qebek-conf--29367-.c -m32 -g -Werror -Wnested-externs
gcc -m32 -D_FORTIFY_SOURCE=2 -D_GNU_SOURCE -D_FILE_OFFSET_BITS=64 -D_LARGEFILE_SOURCE -Wstrict-prototypes -Wredundant-decls -Wall -Wundef -Wendif-labels -Wwrite-strings -Wmissing-prototypes -fno-strict-aliasing -fstack-protector-all -Wmissing-include-dirs -Wempty-body -Wnested-externs -Werror -m32 -D_FORTIFY_SOURCE=2 -D_GNU_SOURCE -D_FILE_OFFSET_BITS=64 -D_LARGEFILE_SOURCE -Wstrict-prototypes -Wredundant-decls -Wall -Wundef -Wendif-labels -Wwrite-strings -Wmissing-prototypes -fno-strict-aliasing -fstack-protector-all -Wmissing-include-dirs -Wempty-body -Wnested-externs -o /tmp/qebek-conf--29367-.exe /tmp/qebek-conf--29367-.c -m32 -g -Werror -Wformat-security
gcc -m32 -D_FORTIFY_SOURCE=2 -D_GNU_SOURCE -D_FILE_OFFSET_BITS=64 -D_LARGEFILE_SOURCE -Wstrict-prototypes -Wredundant-decls -Wall -Wundef -Wendif-labels -Wwrite-strings -Wmissing-prototypes -fno-strict-aliasing -fstack-protector-all -Wmissing-include-dirs -Wempty-body -Wnested-externs -Wformat-security -Werror -m32 -D_FORTIFY_SOURCE=2 -D_GNU_SOURCE -D_FILE_OFFSET_BITS=64 -D_LARGEFILE_SOURCE -Wstrict-prototypes -Wredundant-decls -Wall -Wundef -Wendif-labels -Wwrite-strings -Wmissing-prototypes -fno-strict-aliasing -fstack-protector-all -Wmissing-include-dirs -Wempty-body -Wnested-externs -Wformat-security -o /tmp/qebek-conf--29367-.exe /tmp/qebek-conf--29367-.c -m32 -g -Werror -Wformat-y2k
gcc -m32 -D_FORTIFY_SOURCE=2 -D_GNU_SOURCE -D_FILE_OFFSET_BITS=64 -D_LARGEFILE_SOURCE -Wstrict-prototypes -Wredundant-decls -Wall -Wundef -Wendif-labels -Wwrite-strings -Wmissing-prototypes -fno-strict-aliasing -fstack-protector-all -Wmissing-include-dirs -Wempty-body -Wnested-externs -Wformat-security -Wformat-y2k -Werror -m32 -D_FORTIFY_SOURCE=2 -D_GNU_SOURCE -D_FILE_OFFSET_BITS=64 -D_LARGEFILE_SOURCE -Wstrict-prototypes -Wredundant-decls -Wall -Wundef -Wendif-labels -Wwrite-strings -Wmissing-prototypes -fno-strict-aliasing -fstack-protector-all -Wmissing-include-dirs -Wempty-body -Wnested-externs -Wformat-security -Wformat-y2k -o /tmp/qebek-conf--29367-.exe /tmp/qebek-conf--29367-.c -m32 -g -Werror -Winit-self
gcc -m32 -D_FORTIFY_SOURCE=2 -D_GNU_SOURCE -D_FILE_OFFSET_BITS=64 -D_LARGEFILE_SOURCE -Wstrict-prototypes -Wredundant-decls -Wall -Wundef -Wendif-labels -Wwrite-strings -Wmissing-prototypes -fno-strict-aliasing -fstack-protector-all -Wmissing-include-dirs -Wempty-body -Wnested-externs -Wformat-security -Wformat-y2k -Winit-self -Werror -m32 -D_FORTIFY_SOURCE=2 -D_GNU_SOURCE -D_FILE_OFFSET_BITS=64 -D_LARGEFILE_SOURCE -Wstrict-prototypes -Wredundant-decls -Wall -Wundef -Wendif-labels -Wwrite-strings -Wmissing-prototypes -fno-strict-aliasing -fstack-protector-all -Wmissing-include-dirs -Wempty-body -Wnested-externs -Wformat-security -Wformat-y2k -Winit-self -o /tmp/qebek-conf--29367-.exe /tmp/qebek-conf--29367-.c -m32 -g -Werror -Wignored-qualifiers
gcc -m32 -D_FORTIFY_SOURCE=2 -D_GNU_SOURCE -D_FILE_OFFSET_BITS=64 -D_LARGEFILE_SOURCE -Wstrict-prototypes -Wredundant-decls -Wall -Wundef -Wendif-labels -Wwrite-strings -Wmissing-prototypes -fno-strict-aliasing -fstack-protector-all -Wmissing-include-dirs -Wempty-body -Wnested-externs -Wformat-security -Wformat-y2k -Winit-self -Wignored-qualifiers -Werror -m32 -D_FORTIFY_SOURCE=2 -D_GNU_SOURCE -D_FILE_OFFSET_BITS=64 -D_LARGEFILE_SOURCE -Wstrict-prototypes -Wredundant-decls -Wall -Wundef -Wendif-labels -Wwrite-strings -Wmissing-prototypes -fno-strict-aliasing -fstack-protector-all -Wmissing-include-dirs -Wempty-body -Wnested-externs -Wformat-security -Wformat-y2k -Winit-self -Wignored-qualifiers -o /tmp/qebek-conf--29367-.exe /tmp/qebek-conf--29367-.c -m32 -g -Werror -Wold-style-declaration
gcc -m32 -D_FORTIFY_SOURCE=2 -D_GNU_SOURCE -D_FILE_OFFSET_BITS=64 -D_LARGEFILE_SOURCE -Wstrict-prototypes -Wredundant-decls -Wall -Wundef -Wendif-labels -Wwrite-strings -Wmissing-prototypes -fno-strict-aliasing -fstack-protector-all -Wmissing-include-dirs -Wempty-body -Wnested-externs -Wformat-security -Wformat-y2k -Winit-self -Wignored-qualifiers -Wold-style-declaration -Werror -m32 -D_FORTIFY_SOURCE=2 -D_GNU_SOURCE -D_FILE_OFFSET_BITS=64 -D_LARGEFILE_SOURCE -Wstrict-prototypes -Wredundant-decls -Wall -Wundef -Wendif-labels -Wwrite-strings -Wmissing-prototypes -fno-strict-aliasing -fstack-protector-all -Wmissing-include-dirs -Wempty-body -Wnested-externs -Wformat-security -Wformat-y2k -Winit-self -Wignored-qualifiers -Wold-style-declaration -o /tmp/qebek-conf--29367-.exe /tmp/qebek-conf--29367-.c -m32 -g -Werror -Wold-style-definition
gcc -m32 -D_FORTIFY_SOURCE=2 -D_GNU_SOURCE -D_FILE_OFFSET_BITS=64 -D_LARGEFILE_SOURCE -Wstrict-prototypes -Wredundant-decls -Wall -Wundef -Wendif-labels -Wwrite-strings -Wmissing-prototypes -fno-strict-aliasing -fstack-protector-all -Wmissing-include-dirs -Wempty-body -Wnested-externs -Wformat-security -Wformat-y2k -Winit-self -Wignored-qualifiers -Wold-style-declaration -Wold-style-definition -Werror -m32 -D_FORTIFY_SOURCE=2 -D_GNU_SOURCE -D_FILE_OFFSET_BITS=64 -D_LARGEFILE_SOURCE -Wstrict-prototypes -Wredundant-decls -Wall -Wundef -Wendif-labels -Wwrite-strings -Wmissing-prototypes -fno-strict-aliasing -fstack-protector-all -Wmissing-include-dirs -Wempty-body -Wnested-externs -Wformat-security -Wformat-y2k -Winit-self -Wignored-qualifiers -Wold-style-declaration -Wold-style-definition -o /tmp/qebek-conf--29367-.exe /tmp/qebek-conf--29367-.c -m32 -g -Werror -Wtype-limits
gcc -m32 -D_FORTIFY_SOURCE=2 -D_GNU_SOURCE -D_FILE_OFFSET_BITS=64 -D_LARGEFILE_SOURCE -Wstrict-prototypes -Wredundant-decls -Wall -Wundef -Wendif-labels -Wwrite-strings -Wmissing-prototypes -fno-strict-aliasing -fstack-protector-all -Wmissing-include-dirs -Wempty-body -Wnested-externs -Wformat-security -Wformat-y2k -Winit-self -Wignored-qualifiers -Wold-style-declaration -Wold-style-definition -Wtype-limits -o /tmp/qebek-conf--29367-.exe /tmp/qebek-conf--29367-.c -m32 -g
gcc -m32 -D_FORTIFY_SOURCE=2 -D_GNU_SOURCE -D_FILE_OFFSET_BITS=64 -D_LARGEFILE_SOURCE -Wstrict-prototypes -Wredundant-decls -Wall -Wundef -Wendif-labels -Wwrite-strings -Wmissing-prototypes -fno-strict-aliasing -fstack-protector-all -Wmissing-include-dirs -Wempty-body -Wnested-externs -Wformat-security -Wformat-y2k -Winit-self -Wignored-qualifiers -Wold-style-declaration -Wold-style-definition -Wtype-limits -c -o /tmp/qebek-conf--29367-.o /tmp/qebek-conf--29367-.c
/tmp/qebek-conf--29367-.c:1: error: size of array ‘sizeof_pointer_is_8’ is negative
gcc -m32 -D_FORTIFY_SOURCE=2 -D_GNU_SOURCE -D_FILE_OFFSET_BITS=64 -D_LARGEFILE_SOURCE -Wstrict-prototypes -Wredundant-decls -Wall -Wundef -Wendif-labels -Wwrite-strings -Wmissing-prototypes -fno-strict-aliasing -fstack-protector-all -Wmissing-include-dirs -Wempty-body -Wnested-externs -Wformat-security -Wformat-y2k -Winit-self -Wignored-qualifiers -Wold-style-declaration -Wold-style-definition -Wtype-limits -c -o /tmp/qebek-conf--29367-.o /tmp/qebek-conf--29367-.c
/tmp/qebek-conf--29367-.c:4: warning: function declaration isn’t a prototype
/tmp/qebek-conf--29367-.c: In function ‘foo’:
/tmp/qebek-conf--29367-.c:3: warning: old-style function definition
gcc -m32 -D_FORTIFY_SOURCE=2 -D_GNU_SOURCE -D_FILE_OFFSET_BITS=64 -D_LARGEFILE_SOURCE -Wstrict-prototypes -Wredundant-decls -Wall -Wundef -Wendif-labels -Wwrite-strings -Wmissing-prototypes -fno-strict-aliasing -fstack-protector-all -Wmissing-include-dirs -Wempty-body -Wnested-externs -Wformat-security -Wformat-y2k -Winit-self -Wignored-qualifiers -Wold-style-declaration -Wold-style-definition -Wtype-limits -o /tmp/qebek-conf--29367-.exe /tmp/qebek-conf--29367-.c -m32 -g -lz
gcc -m32 -D_FORTIFY_SOURCE=2 -D_GNU_SOURCE -D_FILE_OFFSET_BITS=64 -D_LARGEFILE_SOURCE -Wstrict-prototypes -Wredundant-decls -Wall -Wundef -Wendif-labels -Wwrite-strings -Wmissing-prototypes -fno-strict-aliasing -fstack-protector-all -Wmissing-include-dirs -Wempty-body -Wnested-externs -Wformat-security -Wformat-y2k -Winit-self -Wignored-qualifiers -Wold-style-declaration -Wold-style-definition -Wtype-limits -o /tmp/qebek-conf--29367-.exe /tmp/qebek-conf--29367-.c -m32 -g -lxenstore -lxenctrl -lxenguest
/tmp/qebek-conf--29367-.c:1: fatal error: xenctrl.h: No such file or directory
compilation terminated.
gcc -m32 -D_FORTIFY_SOURCE=2 -D_GNU_SOURCE -D_FILE_OFFSET_BITS=64 -D_LARGEFILE_SOURCE -Wstrict-prototypes -Wredundant-decls -Wall -Wundef -Wendif-labels -Wwrite-strings -Wmissing-prototypes -fno-strict-aliasing -fstack-protector-all -Wmissing-include-dirs -Wempty-body -Wnested-externs -Wformat-security -Wformat-y2k -Winit-self -Wignored-qualifiers -Wold-style-declaration -Wold-style-definition -Wtype-limits -D_GNU_SOURCE=1 -D_REENTRANT -I/usr/include/SDL -o /tmp/qebek-conf--29367-.exe /tmp/qebek-conf--29367-.c -m32 -g -lSDL
gcc -m32 -D_FORTIFY_SOURCE=2 -D_GNU_SOURCE -D_FILE_OFFSET_BITS=64 -D_LARGEFILE_SOURCE -Wstrict-prototypes -Wredundant-decls -Wall -Wundef -Wendif-labels -Wwrite-strings -Wmissing-prototypes -fno-strict-aliasing -fstack-protector-all -Wmissing-include-dirs -Wempty-body -Wnested-externs -Wformat-security -Wformat-y2k -Winit-self -Wignored-qualifiers -Wold-style-declaration -Wold-style-definition -Wtype-limits -D_GNU_SOURCE=1 -D_REENTRANT -I/usr/include/SDL -o /tmp/qebek-conf--29367-.exe /tmp/qebek-conf--29367-.c -m32 -g -lSDL
gcc -m32 -D_FORTIFY_SOURCE=2 -D_GNU_SOURCE -D_FILE_OFFSET_BITS=64 -D_LARGEFILE_SOURCE -Wstrict-prototypes -Wredundant-decls -Wall -Wundef -Wendif-labels -Wwrite-strings -Wmissing-prototypes -fno-strict-aliasing -fstack-protector-all -Wmissing-include-dirs -Wempty-body -Wnested-externs -Wformat-security -Wformat-y2k -Winit-self -Wignored-qualifiers -Wold-style-declaration -Wold-style-definition -Wtype-limits -o /tmp/qebek-conf--29367-.exe /tmp/qebek-conf--29367-.c -m32 -g -lgnutls
gcc -m32 -D_FORTIFY_SOURCE=2 -D_GNU_SOURCE -D_FILE_OFFSET_BITS=64 -D_LARGEFILE_SOURCE -Wstrict-prototypes -Wredundant-decls -Wall -Wundef -Wendif-labels -Wwrite-strings -Wmissing-prototypes -fno-strict-aliasing -fstack-protector-all -Wmissing-include-dirs -Wempty-body -Wnested-externs -Wformat-security -Wformat-y2k -Winit-self -Wignored-qualifiers -Wold-style-declaration -Wold-style-definition -Wtype-limits -o /tmp/qebek-conf--29367-.exe /tmp/qebek-conf--29367-.c -m32 -g -lsasl2
gcc -m32 -D_FORTIFY_SOURCE=2 -D_GNU_SOURCE -D_FILE_OFFSET_BITS=64 -D_LARGEFILE_SOURCE -Wstrict-prototypes -Wredundant-decls -Wall -Wundef -Wendif-labels -Wwrite-strings -Wmissing-prototypes -fno-strict-aliasing -fstack-protector-all -Wmissing-include-dirs -Wempty-body -Wnested-externs -Wformat-security -Wformat-y2k -Winit-self -Wignored-qualifiers -Wold-style-declaration -Wold-style-definition -Wtype-limits -o /tmp/qebek-conf--29367-.exe /tmp/qebek-conf--29367-.c -m32 -g -ljpeg
/tmp/qebek-conf--29367-.c:2: fatal error: jpeglib.h: No such file or directory
compilation terminated.
gcc -m32 -D_FORTIFY_SOURCE=2 -D_GNU_SOURCE -D_FILE_OFFSET_BITS=64 -D_LARGEFILE_SOURCE -Wstrict-prototypes -Wredundant-decls -Wall -Wundef -Wendif-labels -Wwrite-strings -Wmissing-prototypes -fno-strict-aliasing -fstack-protector-all -Wmissing-include-dirs -Wempty-body -Wnested-externs -Wformat-security -Wformat-y2k -Winit-self -Wignored-qualifiers -Wold-style-declaration -Wold-style-definition -Wtype-limits -o /tmp/qebek-conf--29367-.exe /tmp/qebek-conf--29367-.c -m32 -g -lpng
gcc -m32 -D_FORTIFY_SOURCE=2 -D_GNU_SOURCE -D_FILE_OFFSET_BITS=64 -D_LARGEFILE_SOURCE -Wstrict-prototypes -Wredundant-decls -Wall -Wundef -Wendif-labels -Wwrite-strings -Wmissing-prototypes -fno-strict-aliasing -fstack-protector-all -Wmissing-include-dirs -Wempty-body -Wnested-externs -Wformat-security -Wformat-y2k -Winit-self -Wignored-qualifiers -Wold-style-declaration -Wold-style-definition -Wtype-limits -o /tmp/qebek-conf--29367-.exe /tmp/qebek-conf--29367-.c -m32 -g
gcc -m32 -D_FORTIFY_SOURCE=2 -D_GNU_SOURCE -D_FILE_OFFSET_BITS=64 -D_LARGEFILE_SOURCE -Wstrict-prototypes -Wredundant-decls -Wall -Wundef -Wendif-labels -Wwrite-strings -Wmissing-prototypes -fno-strict-aliasing -fstack-protector-all -Wmissing-include-dirs -Wempty-body -Wnested-externs -Wformat-security -Wformat-y2k -Winit-self -Wignored-qualifiers -Wold-style-declaration -Wold-style-definition -Wtype-limits -o /tmp/qebek-conf--29367-.exe /tmp/qebek-conf--29367-.c -m32 -g -luuid
gcc -m32 -D_FORTIFY_SOURCE=2 -D_GNU_SOURCE -D_FILE_OFFSET_BITS=64 -D_LARGEFILE_SOURCE -Wstrict-prototypes -Wredundant-decls -Wall -Wundef -Wendif-labels -Wwrite-strings -Wmissing-prototypes -fno-strict-aliasing -fstack-protector-all -Wmissing-include-dirs -Wempty-body -Wnested-externs -Wformat-security -Wformat-y2k -Winit-self -Wignored-qualifiers -Wold-style-declaration -Wold-style-definition -Wtype-limits -o /tmp/qebek-conf--29367-.exe /tmp/qebek-conf--29367-.c -m32 -g
/tmp/qebek-conf--29367-.c:1: fatal error: xfs/xfs.h: No such file or directory
compilation terminated.
gcc -m32 -D_FORTIFY_SOURCE=2 -D_GNU_SOURCE -D_FILE_OFFSET_BITS=64 -D_LARGEFILE_SOURCE -Wstrict-prototypes -Wredundant-decls -Wall -Wundef -Wendif-labels -Wwrite-strings -Wmissing-prototypes -fno-strict-aliasing -fstack-protector-all -Wmissing-include-dirs -Wempty-body -Wnested-externs -Wformat-security -Wformat-y2k -Winit-self -Wignored-qualifiers -Wold-style-declaration -Wold-style-definition -Wtype-limits -o /tmp/qebek-conf--29367-.exe /tmp/qebek-conf--29367-.c -m32 -g -lvdeplug
/tmp/qebek-conf--29367-.c:1: fatal error: libvdeplug.h: No such file or directory
compilation terminated.
gcc -m32 -D_FORTIFY_SOURCE=2 -D_GNU_SOURCE -D_FILE_OFFSET_BITS=64 -D_LARGEFILE_SOURCE -Wstrict-prototypes -Wredundant-decls -Wall -Wundef -Wendif-labels -Wwrite-strings -Wmissing-prototypes -fno-strict-aliasing -fstack-protector-all -Wmissing-include-dirs -Wempty-body -Wnested-externs -Wformat-security -Wformat-y2k -Winit-self -Wignored-qualifiers -Wold-style-declaration -Wold-style-definition -Wtype-limits -o /tmp/qebek-conf--29367-.exe /tmp/qebek-conf--29367-.c -m32 -g -lbrlapi
/tmp/qebek-conf--29367-.c:1: fatal error: brlapi.h: No such file or directory
compilation terminated.
gcc -m32 -D_FORTIFY_SOURCE=2 -D_GNU_SOURCE -D_FILE_OFFSET_BITS=64 -D_LARGEFILE_SOURCE -Wstrict-prototypes -Wredundant-decls -Wall -Wundef -Wendif-labels -Wwrite-strings -Wmissing-prototypes -fno-strict-aliasing -fstack-protector-all -Wmissing-include-dirs -Wempty-body -Wnested-externs -Wformat-security -Wformat-y2k -Winit-self -Wignored-qualifiers -Wold-style-declaration -Wold-style-definition -Wtype-limits -o /tmp/qebek-conf--29367-.exe /tmp/qebek-conf--29367-.c -m32 -g -lncurses
/tmp/qebek-conf--29367-.c: In function ‘main’:
/tmp/qebek-conf--29367-.c:5: warning: return makes integer from pointer without a cast
gcc -m32 -D_FORTIFY_SOURCE=2 -D_GNU_SOURCE -D_FILE_OFFSET_BITS=64 -D_LARGEFILE_SOURCE -Wstrict-prototypes -Wredundant-decls -Wall -Wundef -Wendif-labels -Wwrite-strings -Wmissing-prototypes -fno-strict-aliasing -fstack-protector-all -Wmissing-include-dirs -Wempty-body -Wnested-externs -Wformat-security -Wformat-y2k -Winit-self -Wignored-qualifiers -Wold-style-declaration -Wold-style-definition -Wtype-limits -o /tmp/qebek-conf--29367-.exe /tmp/qebek-conf--29367-.c -m32 -g -lcurl
/tmp/qebek-conf--29367-.c: In function ‘main’:
/tmp/qebek-conf--29367-.c:2: warning: return makes integer from pointer without a cast
gcc -m32 -D_FORTIFY_SOURCE=2 -D_GNU_SOURCE -D_FILE_OFFSET_BITS=64 -D_LARGEFILE_SOURCE -Wstrict-prototypes -Wredundant-decls -Wall -Wundef -Wendif-labels -Wwrite-strings -Wmissing-prototypes -fno-strict-aliasing -fstack-protector-all -Wmissing-include-dirs -Wempty-body -Wnested-externs -Wformat-security -Wformat-y2k -Winit-self -Wignored-qualifiers -Wold-style-declaration -Wold-style-definition -Wtype-limits -o /tmp/qebek-conf--29367-.exe /tmp/qebek-conf--29367-.c -m32 -g
/tmp/qebek-conf--29367-.c:1: fatal error: bluetooth/bluetooth.h: No such file or directory
compilation terminated.
gcc -m32 -D_FORTIFY_SOURCE=2 -D_GNU_SOURCE -D_FILE_OFFSET_BITS=64 -D_LARGEFILE_SOURCE -Wstrict-prototypes -Wredundant-decls -Wall -Wundef -Wendif-labels -Wwrite-strings -Wmissing-prototypes -fno-strict-aliasing -fstack-protector-all -Wmissing-include-dirs -Wempty-body -Wnested-externs -Wformat-security -Wformat-y2k -Winit-self -Wignored-qualifiers -Wold-style-declaration -Wold-style-definition -Wtype-limits -o /tmp/qebek-conf--29367-.exe /tmp/qebek-conf--29367-.c -m32 -g
gcc -m32 -D_FORTIFY_SOURCE=2 -D_GNU_SOURCE -D_FILE_OFFSET_BITS=64 -D_LARGEFILE_SOURCE -Wstrict-prototypes -Wredundant-decls -Wall -Wundef -Wendif-labels -Wwrite-strings -Wmissing-prototypes -fno-strict-aliasing -fstack-protector-all -Wmissing-include-dirs -Wempty-body -Wnested-externs -Wformat-security -Wformat-y2k -Winit-self -Wignored-qualifiers -Wold-style-declaration -Wold-style-definition -Wtype-limits -o /tmp/qebek-conf--29367-.exe /tmp/qebek-conf--29367-.c -m32 -g
gcc -m32 -D_FORTIFY_SOURCE=2 -D_GNU_SOURCE -D_FILE_OFFSET_BITS=64 -D_LARGEFILE_SOURCE -Wstrict-prototypes -Wredundant-decls -Wall -Wundef -Wendif-labels -Wwrite-strings -Wmissing-prototypes -fno-strict-aliasing -fstack-protector-all -Wmissing-include-dirs -Wempty-body -Wnested-externs -Wformat-security -Wformat-y2k -Winit-self -Wignored-qualifiers -Wold-style-declaration -Wold-style-definition -Wtype-limits -o /tmp/qebek-conf--29367-.exe /tmp/qebek-conf--29367-.c -m32 -g
gcc -m32 -D_FORTIFY_SOURCE=2 -D_GNU_SOURCE -D_FILE_OFFSET_BITS=64 -D_LARGEFILE_SOURCE -Wstrict-prototypes -Wredundant-decls -Wall -Wundef -Wendif-labels -Wwrite-strings -Wmissing-prototypes -fno-strict-aliasing -fstack-protector-all -Wmissing-include-dirs -Wempty-body -Wnested-externs -Wformat-security -Wformat-y2k -Winit-self -Wignored-qualifiers -Wold-style-declaration -Wold-style-definition -Wtype-limits -o /tmp/qebek-conf--29367-.exe /tmp/qebek-conf--29367-.c -m32 -g
/tmp/qebek-conf--29367-.c: In function ‘main’:
/tmp/qebek-conf--29367-.c:2: warning: null argument where non-null required (argument 1)
/tmp/qebek-conf--29367-.c:2: warning: null argument where non-null required (argument 3)
/tmp/ccbUSzUm.o: In function `main':
/tmp/qebek-conf--29367-.c:2: undefined reference to `pthread_create'
collect2: ld returned 1 exit status
gcc -m32 -D_FORTIFY_SOURCE=2 -D_GNU_SOURCE -D_FILE_OFFSET_BITS=64 -D_LARGEFILE_SOURCE -Wstrict-prototypes -Wredundant-decls -Wall -Wundef -Wendif-labels -Wwrite-strings -Wmissing-prototypes -fno-strict-aliasing -fstack-protector-all -Wmissing-include-dirs -Wempty-body -Wnested-externs -Wformat-security -Wformat-y2k -Winit-self -Wignored-qualifiers -Wold-style-declaration -Wold-style-definition -Wtype-limits -o /tmp/qebek-conf--29367-.exe /tmp/qebek-conf--29367-.c -m32 -g -lpthread
/tmp/qebek-conf--29367-.c: In function ‘main’:
/tmp/qebek-conf--29367-.c:2: warning: null argument where non-null required (argument 1)
/tmp/qebek-conf--29367-.c:2: warning: null argument where non-null required (argument 3)
gcc -m32 -D_FORTIFY_SOURCE=2 -D_GNU_SOURCE -D_FILE_OFFSET_BITS=64 -D_LARGEFILE_SOURCE -Wstrict-prototypes -Wredundant-decls -Wall -Wundef -Wendif-labels -Wwrite-strings -Wmissing-prototypes -fno-strict-aliasing -fstack-protector-all -Wmissing-include-dirs -Wempty-body -Wnested-externs -Wformat-security -Wformat-y2k -Winit-self -Wignored-qualifiers -Wold-style-declaration -Wold-style-definition -Wtype-limits -o /tmp/qebek-conf--29367-.exe /tmp/qebek-conf--29367-.c -m32 -g -lrados -lcrypto
/tmp/qebek-conf--29367-.c:2: fatal error: rados/librados.h: No such file or directory
compilation terminated.
gcc -m32 -D_FORTIFY_SOURCE=2 -D_GNU_SOURCE -D_FILE_OFFSET_BITS=64 -D_LARGEFILE_SOURCE -Wstrict-prototypes -Wredundant-decls -Wall -Wundef -Wendif-labels -Wwrite-strings -Wmissing-prototypes -fno-strict-aliasing -fstack-protector-all -Wmissing-include-dirs -Wempty-body -Wnested-externs -Wformat-security -Wformat-y2k -Winit-self -Wignored-qualifiers -Wold-style-declaration -Wold-style-definition -Wtype-limits -o /tmp/qebek-conf--29367-.exe /tmp/qebek-conf--29367-.c -m32 -g -laio
gcc -m32 -D_FORTIFY_SOURCE=2 -D_GNU_SOURCE -D_FILE_OFFSET_BITS=64 -D_LARGEFILE_SOURCE -Wstrict-prototypes -Wredundant-decls -Wall -Wundef -Wendif-labels -Wwrite-strings -Wmissing-prototypes -fno-strict-aliasing -fstack-protector-all -Wmissing-include-dirs -Wempty-body -Wnested-externs -Wformat-security -Wformat-y2k -Winit-self -Wignored-qualifiers -Wold-style-declaration -Wold-style-definition -Wtype-limits -o /tmp/qebek-conf--29367-.exe /tmp/qebek-conf--29367-.c -m32 -g -lattr
/tmp/qebek-conf--29367-.c:3: fatal error: attr/xattr.h: No such file or directory
compilation terminated.
gcc -m32 -D_FORTIFY_SOURCE=2 -D_GNU_SOURCE -D_FILE_OFFSET_BITS=64 -D_LARGEFILE_SOURCE -Wstrict-prototypes -Wredundant-decls -Wall -Wundef -Wendif-labels -Wwrite-strings -Wmissing-prototypes -fno-strict-aliasing -fstack-protector-all -Wmissing-include-dirs -Wempty-body -Wnested-externs -Wformat-security -Wformat-y2k -Winit-self -Wignored-qualifiers -Wold-style-declaration -Wold-style-definition -Wtype-limits -o /tmp/qebek-conf--29367-.exe /tmp/qebek-conf--29367-.c -m32 -g
/tmp/qebek-conf--29367-.c: In function ‘main’:
/tmp/qebek-conf--29367-.c:4: warning: unused variable ‘iov’
gcc -m32 -D_FORTIFY_SOURCE=2 -D_GNU_SOURCE -D_FILE_OFFSET_BITS=64 -D_LARGEFILE_SOURCE -Wstrict-prototypes -Wredundant-decls -Wall -Wundef -Wendif-labels -Wwrite-strings -Wmissing-prototypes -fno-strict-aliasing -fstack-protector-all -Wmissing-include-dirs -Wempty-body -Wnested-externs -Wformat-security -Wformat-y2k -Winit-self -Wignored-qualifiers -Wold-style-declaration -Wold-style-definition -Wtype-limits -o /tmp/qebek-conf--29367-.exe /tmp/qebek-conf--29367-.c -m32 -g
/tmp/qebek-conf--29367-.c: In function ‘main’:
/tmp/qebek-conf--29367-.c:4: warning: statement with no effect
/tmp/qebek-conf--29367-.c:4: warning: control reaches end of non-void function
gcc -m32 -D_FORTIFY_SOURCE=2 -D_GNU_SOURCE -D_FILE_OFFSET_BITS=64 -D_LARGEFILE_SOURCE -Wstrict-prototypes -Wredundant-decls -Wall -Wundef -Wendif-labels -Wwrite-strings -Wmissing-prototypes -fno-strict-aliasing -fstack-protector-all -Wmissing-include-dirs -Wempty-body -Wnested-externs -Wformat-security -Wformat-y2k -Winit-self -Wignored-qualifiers -Wold-style-declaration -Wold-style-definition -Wtype-limits -o /tmp/qebek-conf--29367-.exe /tmp/qebek-conf--29367-.c -m32 -g -lfdt
/usr/bin/ld: cannot find -lfdt
collect2: ld returned 1 exit status
gcc -m32 -D_FORTIFY_SOURCE=2 -D_GNU_SOURCE -D_FILE_OFFSET_BITS=64 -D_LARGEFILE_SOURCE -Wstrict-prototypes -Wredundant-decls -Wall -Wundef -Wendif-labels -Wwrite-strings -Wmissing-prototypes -fno-strict-aliasing -fstack-protector-all -Wmissing-include-dirs -Wempty-body -Wnested-externs -Wformat-security -Wformat-y2k -Winit-self -Wignored-qualifiers -Wold-style-declaration -Wold-style-definition -Wtype-limits -o /tmp/qebek-conf--29367-.exe /tmp/qebek-conf--29367-.c -m32 -g
gcc -m32 -D_FORTIFY_SOURCE=2 -D_GNU_SOURCE -D_FILE_OFFSET_BITS=64 -D_LARGEFILE_SOURCE -Wstrict-prototypes -Wredundant-decls -Wall -Wundef -Wendif-labels -Wwrite-strings -Wmissing-prototypes -fno-strict-aliasing -fstack-protector-all -Wmissing-include-dirs -Wempty-body -Wnested-externs -Wformat-security -Wformat-y2k -Winit-self -Wignored-qualifiers -Wold-style-declaration -Wold-style-definition -Wtype-limits -o /tmp/qebek-conf--29367-.exe /tmp/qebek-conf--29367-.c -m32 -g
gcc -m32 -D_FORTIFY_SOURCE=2 -D_GNU_SOURCE -D_FILE_OFFSET_BITS=64 -D_LARGEFILE_SOURCE -Wstrict-prototypes -Wredundant-decls -Wall -Wundef -Wendif-labels -Wwrite-strings -Wmissing-prototypes -fno-strict-aliasing -fstack-protector-all -Wmissing-include-dirs -Wempty-body -Wnested-externs -Wformat-security -Wformat-y2k -Winit-self -Wignored-qualifiers -Wold-style-declaration -Wold-style-definition -Wtype-limits -o /tmp/qebek-conf--29367-.exe /tmp/qebek-conf--29367-.c -m32 -g
gcc -m32 -D_FORTIFY_SOURCE=2 -D_GNU_SOURCE -D_FILE_OFFSET_BITS=64 -D_LARGEFILE_SOURCE -Wstrict-prototypes -Wredundant-decls -Wall -Wundef -Wendif-labels -Wwrite-strings -Wmissing-prototypes -fno-strict-aliasing -fstack-protector-all -Wmissing-include-dirs -Wempty-body -Wnested-externs -Wformat-security -Wformat-y2k -Winit-self -Wignored-qualifiers -Wold-style-declaration -Wold-style-definition -Wtype-limits -o /tmp/qebek-conf--29367-.exe /tmp/qebek-conf--29367-.c -m32 -g
/tmp/qebek-conf--29367-.c: In function ‘main’:
/tmp/qebek-conf--29367-.c:7: warning: implicit declaration of function ‘utimensat’
/tmp/qebek-conf--29367-.c:7: warning: nested extern declaration of ‘utimensat’
/tmp/qebek-conf--29367-.c:8: warning: implicit declaration of function ‘futimens’
/tmp/qebek-conf--29367-.c:8: warning: nested extern declaration of ‘futimens’
gcc -m32 -D_FORTIFY_SOURCE=2 -D_GNU_SOURCE -D_FILE_OFFSET_BITS=64 -D_LARGEFILE_SOURCE -Wstrict-prototypes -Wredundant-decls -Wall -Wundef -Wendif-labels -Wwrite-strings -Wmissing-prototypes -fno-strict-aliasing -fstack-protector-all -Wmissing-include-dirs -Wempty-body -Wnested-externs -Wformat-security -Wformat-y2k -Winit-self -Wignored-qualifiers -Wold-style-declaration -Wold-style-definition -Wtype-limits -o /tmp/qebek-conf--29367-.exe /tmp/qebek-conf--29367-.c -m32 -g
gcc -m32 -D_FORTIFY_SOURCE=2 -D_GNU_SOURCE -D_FILE_OFFSET_BITS=64 -D_LARGEFILE_SOURCE -Wstrict-prototypes -Wredundant-decls -Wall -Wundef -Wendif-labels -Wwrite-strings -Wmissing-prototypes -fno-strict-aliasing -fstack-protector-all -Wmissing-include-dirs -Wempty-body -Wnested-externs -Wformat-security -Wformat-y2k -Winit-self -Wignored-qualifiers -Wold-style-declaration -Wold-style-definition -Wtype-limits -o /tmp/qebek-conf--29367-.exe /tmp/qebek-conf--29367-.c -m32 -g
gcc -m32 -D_FORTIFY_SOURCE=2 -D_GNU_SOURCE -D_FILE_OFFSET_BITS=64 -D_LARGEFILE_SOURCE -Wstrict-prototypes -Wredundant-decls -Wall -Wundef -Wendif-labels -Wwrite-strings -Wmissing-prototypes -fno-strict-aliasing -fstack-protector-all -Wmissing-include-dirs -Wempty-body -Wnested-externs -Wformat-security -Wformat-y2k -Winit-self -Wignored-qualifiers -Wold-style-declaration -Wold-style-definition -Wtype-limits -o /tmp/qebek-conf--29367-.exe /tmp/qebek-conf--29367-.c -m32 -g
/tmp/qebek-conf--29367-.c: In function ‘main’:
/tmp/qebek-conf--29367-.c:9: warning: ‘fd’ is used uninitialized in this function
gcc -m32 -D_FORTIFY_SOURCE=2 -D_GNU_SOURCE -D_FILE_OFFSET_BITS=64 -D_LARGEFILE_SOURCE -Wstrict-prototypes -Wredundant-decls -Wall -Wundef -Wendif-labels -Wwrite-strings -Wmissing-prototypes -fno-strict-aliasing -fstack-protector-all -Wmissing-include-dirs -Wempty-body -Wnested-externs -Wformat-security -Wformat-y2k -Winit-self -Wignored-qualifiers -Wold-style-declaration -Wold-style-definition -Wtype-limits -o /tmp/qebek-conf--29367-.exe /tmp/qebek-conf--29367-.c -m32 -g
/tmp/qebek-conf--29367-.c:1: warning: "_GNU_SOURCE" redefined
<command-line>:0: note: this is the location of the previous definition
gcc -m32 -D_FORTIFY_SOURCE=2 -D_GNU_SOURCE -D_FILE_OFFSET_BITS=64 -D_LARGEFILE_SOURCE -Wstrict-prototypes -Wredundant-decls -Wall -Wundef -Wendif-labels -Wwrite-strings -Wmissing-prototypes -fno-strict-aliasing -fstack-protector-all -Wmissing-include-dirs -Wempty-body -Wnested-externs -Wformat-security -Wformat-y2k -Winit-self -Wignored-qualifiers -Wold-style-declaration -Wold-style-definition -Wtype-limits -o /tmp/qebek-conf--29367-.exe /tmp/qebek-conf--29367-.c -m32 -g
/tmp/qebek-conf--29367-.c: In function ‘main’:
/tmp/qebek-conf--29367-.c:5: warning: unused variable ‘efd’
gcc -m32 -D_FORTIFY_SOURCE=2 -D_GNU_SOURCE -D_FILE_OFFSET_BITS=64 -D_LARGEFILE_SOURCE -Wstrict-prototypes -Wredundant-decls -Wall -Wundef -Wendif-labels -Wwrite-strings -Wmissing-prototypes -fno-strict-aliasing -fstack-protector-all -Wmissing-include-dirs -Wempty-body -Wnested-externs -Wformat-security -Wformat-y2k -Winit-self -Wignored-qualifiers -Wold-style-declaration -Wold-style-definition -Wtype-limits -o /tmp/qebek-conf--29367-.exe /tmp/qebek-conf--29367-.c -m32 -g
gcc -m32 -D_FORTIFY_SOURCE=2 -D_GNU_SOURCE -D_FILE_OFFSET_BITS=64 -D_LARGEFILE_SOURCE -Wstrict-prototypes -Wredundant-decls -Wall -Wundef -Wendif-labels -Wwrite-strings -Wmissing-prototypes -fno-strict-aliasing -fstack-protector-all -Wmissing-include-dirs -Wempty-body -Wnested-externs -Wformat-security -Wformat-y2k -Winit-self -Wignored-qualifiers -Wold-style-declaration -Wold-style-definition -Wtype-limits -o /tmp/qebek-conf--29367-.exe /tmp/qebek-conf--29367-.c -m32 -g
gcc -m32 -D_FORTIFY_SOURCE=2 -D_GNU_SOURCE -D_FILE_OFFSET_BITS=64 -D_LARGEFILE_SOURCE -Wstrict-prototypes -Wredundant-decls -Wall -Wundef -Wendif-labels -Wwrite-strings -Wmissing-prototypes -fno-strict-aliasing -fstack-protector-all -Wmissing-include-dirs -Wempty-body -Wnested-externs -Wformat-security -Wformat-y2k -Winit-self -Wignored-qualifiers -Wold-style-declaration -Wold-style-definition -Wtype-limits -o /tmp/qebek-conf--29367-.exe /tmp/qebek-conf--29367-.c -m32 -g
gcc -m32 -D_FORTIFY_SOURCE=2 -D_GNU_SOURCE -D_FILE_OFFSET_BITS=64 -D_LARGEFILE_SOURCE -Wstrict-prototypes -Wredundant-decls -Wall -Wundef -Wendif-labels -Wwrite-strings -Wmissing-prototypes -fno-strict-aliasing -fstack-protector-all -Wmissing-include-dirs -Wempty-body -Wnested-externs -Wformat-security -Wformat-y2k -Winit-self -Wignored-qualifiers -Wold-style-declaration -Wold-style-definition -Wtype-limits -o /tmp/qebek-conf--29367-.exe /tmp/qebek-conf--29367-.c -m32 -g
gcc -m32 -D_FORTIFY_SOURCE=2 -D_GNU_SOURCE -D_FILE_OFFSET_BITS=64 -D_LARGEFILE_SOURCE -Wstrict-prototypes -Wredundant-decls -Wall -Wundef -Wendif-labels -Wwrite-strings -Wmissing-prototypes -fno-strict-aliasing -fstack-protector-all -Wmissing-include-dirs -Wempty-body -Wnested-externs -Wformat-security -Wformat-y2k -Winit-self -Wignored-qualifiers -Wold-style-declaration -Wold-style-definition -Wtype-limits -o /tmp/qebek-conf--29367-.exe /tmp/qebek-conf--29367-.c -m32 -g
gcc -m32 -D_FORTIFY_SOURCE=2 -D_GNU_SOURCE -D_FILE_OFFSET_BITS=64 -D_LARGEFILE_SOURCE -Wstrict-prototypes -Wredundant-decls -Wall -Wundef -Wendif-labels -Wwrite-strings -Wmissing-prototypes -fno-strict-aliasing -fstack-protector-all -Wmissing-include-dirs -Wempty-body -Wnested-externs -Wformat-security -Wformat-y2k -Winit-self -Wignored-qualifiers -Wold-style-declaration -Wold-style-definition -Wtype-limits -o /tmp/qebek-conf--29367-.exe /tmp/qebek-conf--29367-.c -m32 -g
/tmp/qebek-conf--29367-.c:1: fatal error: sys/endian.h: No such file or directory
compilation terminated.
gcc -m32 -D_FORTIFY_SOURCE=2 -D_GNU_SOURCE -D_FILE_OFFSET_BITS=64 -D_LARGEFILE_SOURCE -Wstrict-prototypes -Wredundant-decls -Wall -Wundef -Wendif-labels -Wwrite-strings -Wmissing-prototypes -fno-strict-aliasing -fstack-protector-all -Wmissing-include-dirs -Wempty-body -Wnested-externs -Wformat-security -Wformat-y2k -Winit-self -Wignored-qualifiers -Wold-style-declaration -Wold-style-definition -Wtype-limits -o /tmp/qebek-conf--29367-.exe /tmp/qebek-conf--29367-.c -m32 -g
/tmp/qebek-conf--29367-.c: In function ‘main’:
/tmp/qebek-conf--29367-.c:3: warning: ‘id’ is used uninitialized in this function
/tmp/ccHpxtnn.o: In function `main':
/tmp/qebek-conf--29367-.c:3: undefined reference to `clock_gettime'
collect2: ld returned 1 exit status
gcc -m32 -D_FORTIFY_SOURCE=2 -D_GNU_SOURCE -D_FILE_OFFSET_BITS=64 -D_LARGEFILE_SOURCE -Wstrict-prototypes -Wredundant-decls -Wall -Wundef -Wendif-labels -Wwrite-strings -Wmissing-prototypes -fno-strict-aliasing -fstack-protector-all -Wmissing-include-dirs -Wempty-body -Wnested-externs -Wformat-security -Wformat-y2k -Winit-self -Wignored-qualifiers -Wold-style-declaration -Wold-style-definition -Wtype-limits -o /tmp/qebek-conf--29367-.exe /tmp/qebek-conf--29367-.c -m32 -g -lrt
/tmp/qebek-conf--29367-.c: In function ‘main’:
/tmp/qebek-conf--29367-.c:3: warning: ‘id’ is used uninitialized in this function
gcc -m32 -D_FORTIFY_SOURCE=2 -D_GNU_SOURCE -D_FILE_OFFSET_BITS=64 -D_LARGEFILE_SOURCE -Wstrict-prototypes -Wredundant-decls -Wall -Wundef -Wendif-labels -Wwrite-strings -Wmissing-prototypes -fno-strict-aliasing -fstack-protector-all -Wmissing-include-dirs -Wempty-body -Wnested-externs -Wformat-security -Wformat-y2k -Winit-self -Wignored-qualifiers -Wold-style-declaration -Wold-style-definition -Wtype-limits -o /tmp/qebek-conf--29367-.exe /tmp/qebek-conf--29367-.c -m32 -g
gcc -m32 -D_FORTIFY_SOURCE=2 -D_GNU_SOURCE -D_FILE_OFFSET_BITS=64 -D_LARGEFILE_SOURCE -Wstrict-prototypes -Wredundant-decls -Wall -Wundef -Wendif-labels -Wwrite-strings -Wmissing-prototypes -fno-strict-aliasing -fstack-protector-all -Wmissing-include-dirs -Wempty-body -Wnested-externs -Wformat-security -Wformat-y2k -Winit-self -Wignored-qualifiers -Wold-style-declaration -Wold-style-definition -Wtype-limits -o /tmp/qebek-conf--29367-.exe /tmp/qebek-conf--29367-.c -m32 -g
gcc -m32 -D_FORTIFY_SOURCE=2 -D_GNU_SOURCE -D_FILE_OFFSET_BITS=64 -D_LARGEFILE_SOURCE -Wstrict-prototypes -Wredundant-decls -Wall -Wundef -Wendif-labels -Wwrite-strings -Wmissing-prototypes -fno-strict-aliasing -fstack-protector-all -Wmissing-include-dirs -Wempty-body -Wnested-externs -Wformat-security -Wformat-y2k -Winit-self -Wignored-qualifiers -Wold-style-declaration -Wold-style-definition -Wtype-limits -o /tmp/qebek-conf--29367-.exe /tmp/qebek-conf--29367-.c -m32 -g
gcc -m32 -D_FORTIFY_SOURCE=2 -D_GNU_SOURCE -D_FILE_OFFSET_BITS=64 -D_LARGEFILE_SOURCE -Wstrict-prototypes -Wredundant-decls -Wall -Wundef -Wendif-labels -Wwrite-strings -Wmissing-prototypes -fno-strict-aliasing -fstack-protector-all -Wmissing-include-dirs -Wempty-body -Wnested-externs -Wformat-security -Wformat-y2k -Winit-self -Wignored-qualifiers -Wold-style-declaration -Wold-style-definition -Wtype-limits -o /tmp/qebek-conf--29367-.exe /tmp/qebek-conf--29367-.c -m32 -g
gcc -m32 -D_FORTIFY_SOURCE=2 -D_GNU_SOURCE -D_FILE_OFFSET_BITS=64 -D_LARGEFILE_SOURCE -Wstrict-prototypes -Wredundant-decls -Wall -Wundef -Wendif-labels -Wwrite-strings -Wmissing-prototypes -fno-strict-aliasing -fstack-protector-all -Wmissing-include-dirs -Wempty-body -Wnested-externs -Wformat-security -Wformat-y2k -Winit-self -Wignored-qualifiers -Wold-style-declaration -Wold-style-definition -Wtype-limits -o /tmp/qebek-conf--29367-.exe /tmp/qebek-conf--29367-.c -m32 -g
